#
# There is insufficient memory for the Java Runtime Environment to continue.
# Native memory allocation (mmap) failed to map 1048576 bytes for G1 virtual space
# Possible reasons:
#   The system is out of physical RAM or swap space
#   The process is running with CompressedOops enabled, and the Java Heap may be blocking the growth of the native heap
# Possible solutions:
#   Reduce memory load on the system
#   Increase physical memory or swap space
#   Check if swap backing store is full
#   Decrease Java heap size (-Xmx/-Xms)
#   Decrease number of Java threads
#   Decrease Java thread stack sizes (-Xss)
#   Set larger code cache with -XX:ReservedCodeCacheSize=
#   JVM is running with Unscaled Compressed Oops mode in which the Java heap is
#     placed in the first 4GB address space. The Java Heap base address is the
#     maximum limit for the native heap growth. Please use -XX:HeapBaseMinAddress
#     to set the Java Heap base and to place the Java Heap above 4GB virtual address.
# This output file may be truncated or incomplete.
#
#  Out of Memory Error (os_windows.cpp:3536), pid=11696, tid=10220
#
# JRE version: Java(TM) SE Runtime Environment (19.0.2+7) (build 19.0.2+7-44)
# Java VM: Java HotSpot(TM) 64-Bit Server VM (19.0.2+7-44, mixed mode, sharing, tiered, compressed oops, compressed class ptrs, g1 gc, windows-amd64)
# No core dump will be written. Minidumps are not enabled by default on client versions of Windows
#

---------------  S U M M A R Y ------------

Command Line: -ea -Dfile.encoding=UTF-8 -XX:+ShowCodeDetailsInExceptionMessages org.testng.remote.RemoteTestNG -serport 60485 -protocol json -d C:\Users\hai\eclipse-workspace\ParasoftHybridframework\test-output C:\Users\hai\AppData\Local\Temp\testng-eclipse--1092412446\testng-customsuite.xml

Host: Intel(R) Core(TM) i3-4005U CPU @ 1.70GHz, 4 cores, 3G,  Windows 10 , 64 bit Build 19041 (10.0.19041.2546)
Time: Mon Mar 13 15:50:44 2023 India Standard Time elapsed time: 8.463201 seconds (0d 0h 0m 8s)

---------------  T H R E A D  ---------------

Current thread (0x000002aad3e6ebf0):  WorkerThread "GC Thread#1" [stack: 0x000000baaee00000,0x000000baaef00000] [id=10220]

Stack: [0x000000baaee00000,0x000000baaef00000]
Native frames: (J=compiled Java code, j=interpreted, Vv=VM code, C=native code)
V  [jvm.dll+0x6ee21a]
V  [jvm.dll+0x85765e]
V  [jvm.dll+0x85904e]
V  [jvm.dll+0x859703]
V  [jvm.dll+0x28298f]
V  [jvm.dll+0x6eb009]
V  [jvm.dll+0x6dfbaa]
V  [jvm.dll+0x3573f6]
V  [jvm.dll+0x35ee56]
V  [jvm.dll+0x3b510b]
V  [jvm.dll+0x3b5734]
V  [jvm.dll+0x3b57fd]
V  [jvm.dll+0x32e295]
V  [jvm.dll+0x32dfe6]
V  [jvm.dll+0x31afb6]
V  [jvm.dll+0x31bcda]
V  [jvm.dll+0x31c050]
V  [jvm.dll+0x31bbec]
V  [jvm.dll+0x3591a6]
V  [jvm.dll+0x3594e3]
V  [jvm.dll+0x36b856]
V  [jvm.dll+0x2294d4]
V  [jvm.dll+0x356cdb]
V  [jvm.dll+0x22b7d8]
V  [jvm.dll+0x36c730]
V  [jvm.dll+0x36c575]
V  [jvm.dll+0x375174]
V  [jvm.dll+0x3752eb]
V  [jvm.dll+0x8835d7]
V  [jvm.dll+0x80125a]
V  [jvm.dll+0x6ecf0b]
C  [ucrtbase.dll+0x21bb2]
C  [KERNEL32.DLL+0x17614]
C  [ntdll.dll+0x526a1]


---------------  P R O C E S S  ---------------

Threads class SMR info:
_java_thread_list=0x000002aad3e8be00, length=23, elements={
0x000002aab337eb10, 0x000002aacecf37a0, 0x000002aacecf41a0, 0x000002aacecf7490,
0x000002aacecf89e0, 0x000002aacecf8f20, 0x000002aacecf96e0, 0x000002aaced0c960,
0x000002aaced16f10, 0x000002aaced31470, 0x000002aad30c6440, 0x000002aad30cea40,
0x000002aad40006c0, 0x000002aad43ca530, 0x000002aad43f7030, 0x000002aad44a2890,
0x000002aad432c3b0, 0x000002aad432c8f0, 0x000002aad4545220, 0x000002aad4759b30,
0x000002aad4757b50, 0x000002aad4757600, 0x000002aad4759090
}

Java Threads: ( => current thread )
  0x000002aab337eb10 JavaThread "main" [_thread_blocked, id=8576, stack(0x000000baad700000,0x000000baad800000)]
  0x000002aacecf37a0 JavaThread "Reference Handler" daemon [_thread_blocked, id=8320, stack(0x000000baadf00000,0x000000baae000000)]
  0x000002aacecf41a0 JavaThread "Finalizer" daemon [_thread_blocked, id=11360, stack(0x000000baae000000,0x000000baae100000)]
  0x000002aacecf7490 JavaThread "Signal Dispatcher" daemon [_thread_blocked, id=11176, stack(0x000000baae100000,0x000000baae200000)]
  0x000002aacecf89e0 JavaThread "Attach Listener" daemon [_thread_blocked, id=3688, stack(0x000000baae200000,0x000000baae300000)]
  0x000002aacecf8f20 JavaThread "Service Thread" daemon [_thread_blocked, id=12256, stack(0x000000baae300000,0x000000baae400000)]
  0x000002aacecf96e0 JavaThread "Monitor Deflation Thread" daemon [_thread_blocked, id=2204, stack(0x000000baae400000,0x000000baae500000)]
  0x000002aaced0c960 JavaThread "C2 CompilerThread0" daemon [_thread_blocked, id=4840, stack(0x000000baae500000,0x000000baae600000)]
  0x000002aaced16f10 JavaThread "C1 CompilerThread0" daemon [_thread_blocked, id=4780, stack(0x000000baae600000,0x000000baae700000)]
  0x000002aaced31470 JavaThread "Sweeper thread" daemon [_thread_blocked, id=7452, stack(0x000000baae700000,0x000000baae800000)]
  0x000002aad30c6440 JavaThread "Notification Thread" daemon [_thread_blocked, id=9160, stack(0x000000baae800000,0x000000baae900000)]
  0x000002aad30cea40 JavaThread "Common-Cleaner" daemon [_thread_blocked, id=11600, stack(0x000000baaea00000,0x000000baaeb00000)]
  0x000002aad40006c0 JavaThread "ForkJoinPool.commonPool-worker-1" daemon [_thread_blocked, id=9016, stack(0x000000baaeb00000,0x000000baaec00000)]
  0x000002aad43ca530 JavaThread "AsyncHttpClient-1-1" daemon [_thread_blocked, id=10016, stack(0x000000baaf200000,0x000000baaf300000)]
  0x000002aad43f7030 JavaThread "Exec Default Executor" daemon [_thread_in_native, id=10604, stack(0x000000baaf100000,0x000000baaf200000)]
  0x000002aad44a2890 JavaThread "Exec Stream Pumper" daemon [_thread_in_native, id=11980, stack(0x000000baaf300000,0x000000baaf400000)]
  0x000002aad432c3b0 JavaThread "Exec Stream Pumper" daemon [_thread_in_native, id=2840, stack(0x000000baaf400000,0x000000baaf500000)]
  0x000002aad432c8f0 JavaThread "Driver Service Executor" daemon [_thread_blocked, id=10464, stack(0x000000baaf500000,0x000000baaf600000)]
  0x000002aad4545220 JavaThread "Driver Service Executor" daemon [_thread_blocked, id=10460, stack(0x000000baaf600000,0x000000baaf700000)]
  0x000002aad4759b30 JavaThread "UrlChecker-2" daemon [_thread_blocked, id=7596, stack(0x000000baaf700000,0x000000baaf800000)]
  0x000002aad4757b50 JavaThread "Keep-Alive-Timer" daemon [_thread_blocked, id=5436, stack(0x000000baaf800000,0x000000baaf900000)]
  0x000002aad4757600 JavaThread "AsyncHttpClient-1-2" daemon [_thread_in_native, id=2608, stack(0x000000baaf900000,0x000000baafa00000)]
  0x000002aad4759090 JavaThread "AsyncHttpClient-1-3" daemon [_thread_in_native, id=10688, stack(0x000000baafa00000,0x000000baafb00000)]

Other Threads:
  0x000002aacecdb460 VMThread "VM Thread" [stack: 0x000000baadd00000,0x000000baade00000] [id=9944]
  0x000002aad30c8da0 WatcherThread "VM Periodic Task Thread" [stack: 0x000000baae900000,0x000000baaea00000] [id=2308]
  0x000002aab33bfcc0 WorkerThread "GC Thread#0" [stack: 0x000000baad800000,0x000000baad900000] [id=1044]
=>0x000002aad3e6ebf0 WorkerThread "GC Thread#1" [stack: 0x000000baaee00000,0x000000baaef00000] [id=10220]
  0x000002aad39ce640 WorkerThread "GC Thread#2" [stack: 0x000000baaef00000,0x000000baaf000000] [id=11496]
  0x000002aad322b700 WorkerThread "GC Thread#3" [stack: 0x000000baaf000000,0x000000baaf100000] [id=9464]
  0x000002aab33c91b0 ConcurrentGCThread "G1 Main Marker" [stack: 0x000000baad900000,0x000000baada00000] [id=11340]
  0x000002aab33cab00 WorkerThread "G1 Conc#0" [stack: 0x000000baada00000,0x000000baadb00000] [id=2896]
  0x000002aaceb944b0 ConcurrentGCThread "G1 Refine#0" [stack: 0x000000baadb00000,0x000000baadc00000] [id=5700]
  0x000002aaceb9b8e0 ConcurrentGCThread "G1 Service" [stack: 0x000000baadc00000,0x000000baadd00000] [id=10000]

Threads with active compile tasks:

VM state: at safepoint (normal execution)

VM Mutex/Monitor currently owned by a thread:  ([mutex/lock_event])
[0x000002aab337bf30] FreeList_lock - owner thread: 0x000002aad3e6ebf0
[0x000002aab122c500] Threads_lock - owner thread: 0x000002aacecdb460
[0x000002aab122cb30] Heap_lock - owner thread: 0x000002aab337eb10

Heap address: 0x00000000c1600000, size: 1002 MB, Compressed Oops mode: 32-bit

CDS archive(s) mapped at: [0x0000000800000000-0x0000000800c40000-0x0000000800c40000), size 12845056, SharedBaseAddress: 0x0000000800000000, ArchiveRelocationMode: 0.
Compressed class space mapped at: 0x0000000801000000-0x0000000841000000, reserved size: 1073741824
Narrow klass base: 0x0000000800000000, Narrow klass shift: 0, Narrow klass range: 0x100000000

GC Precious Log:
 CardTable entry size: 512
 Card Set container configuration: InlinePtr #cards 5 size 8 Array Of Cards #cards 12 size 40 Howl #buckets 4 coarsen threshold 1843 Howl Bitmap #cards 512 size 80 coarsen threshold 460 Card regions per heap region 1 cards per card region 2048
 CPUs: 4 total, 4 available
 Memory: 4000M
 Large Page Support: Disabled
 NUMA Support: Disabled
 Compressed Oops: Enabled (32-bit)
 Heap Region Size: 1M
 Heap Min Capacity: 8M
 Heap Initial Capacity: 64M
 Heap Max Capacity: 1002M
 Pre-touch: Disabled
 Parallel Workers: 4
 Concurrent Workers: 1
 Concurrent Refinement Workers: 4
 Periodic GC: Disabled

Heap:
 garbage-first heap   total 45056K, used 37157K [0x00000000c1600000, 0x0000000100000000)
  region size 1024K, 25 young (25600K), 4 survivors (4096K)
 Metaspace       used 26805K, committed 27200K, reserved 1114112K
  class space    used 3257K, committed 3456K, reserved 1048576K

Heap Regions: E=young(eden), S=young(survivor), O=old, HS=humongous(starts), HC=humongous(continues), CS=collection set, F=free, OA=open archive, CA=closed archive, TAMS=top-at-mark-start (previous, next)
|   0|0x00000000c1600000, 0x00000000c1700000, 0x00000000c1700000|100%| O|  |TAMS 0x00000000c1700000, 0x00000000c1600000| Untracked 
|   1|0x00000000c1700000, 0x00000000c1800000, 0x00000000c1800000|100%| O|  |TAMS 0x00000000c1800000, 0x00000000c1700000| Untracked 
|   2|0x00000000c1800000, 0x00000000c1900000, 0x00000000c1900000|100%| O|  |TAMS 0x00000000c1900000, 0x00000000c1800000| Untracked 
|   3|0x00000000c1900000, 0x00000000c1a00000, 0x00000000c1a00000|100%| O|  |TAMS 0x00000000c1a00000, 0x00000000c1900000| Untracked 
|   4|0x00000000c1a00000, 0x00000000c1b00000, 0x00000000c1b00000|100%| O|  |TAMS 0x00000000c1b00000, 0x00000000c1a00000| Untracked 
|   5|0x00000000c1b00000, 0x00000000c1c00000, 0x00000000c1c00000|100%| O|  |TAMS 0x00000000c1b00000, 0x00000000c1b00000| Untracked 
|   6|0x00000000c1c00000, 0x00000000c1c07600, 0x00000000c1d00000|  2%| O|  |TAMS 0x00000000c1c00000, 0x00000000c1c00000| Complete 
|   7|0x00000000c1d00000, 0x00000000c1e00000, 0x00000000c1e00000|100%|HS|  |TAMS 0x00000000c1d00000, 0x00000000c1d00000| Complete 
|   8|0x00000000c1e00000, 0x00000000c1f00000, 0x00000000c1f00000|100%|HC|  |TAMS 0x00000000c1e00000, 0x00000000c1e00000| Complete 
|   9|0x00000000c1f00000, 0x00000000c2000000, 0x00000000c2000000|100%|HC|  |TAMS 0x00000000c1f00000, 0x00000000c1f00000| Complete 
|  10|0x00000000c2000000, 0x00000000c2100000, 0x00000000c2100000|100%|HC|  |TAMS 0x00000000c2000000, 0x00000000c2000000| Complete 
|  11|0x00000000c2100000, 0x00000000c2200000, 0x00000000c2200000|100%|HC|  |TAMS 0x00000000c2100000, 0x00000000c2100000| Complete 
|  12|0x00000000c2200000, 0x00000000c2300000, 0x00000000c2300000|100%| O|  |TAMS 0x00000000c2200000, 0x00000000c2200000| Untracked 
|  13|0x00000000c2300000, 0x00000000c2400000, 0x00000000c2400000|100%| O|  |TAMS 0x00000000c2300000, 0x00000000c2300000| Untracked 
|  14|0x00000000c2400000, 0x00000000c24f90c0, 0x00000000c2500000| 97%| S|  |TAMS 0x00000000c2400000, 0x00000000c2400000| Complete 
|  15|0x00000000c2500000, 0x00000000c2600000, 0x00000000c2600000|100%| S|  |TAMS 0x00000000c2500000, 0x00000000c2500000| Complete 
|  16|0x00000000c2600000, 0x00000000c2700000, 0x00000000c2700000|100%| S|  |TAMS 0x00000000c2600000, 0x00000000c2600000| Complete 
|  17|0x00000000c2700000, 0x00000000c2800000, 0x00000000c2800000|100%| S|  |TAMS 0x00000000c2700000, 0x00000000c2700000| Complete 
|  18|0x00000000c2800000, 0x00000000c2900000, 0x00000000c2900000|100%| E|CS|TAMS 0x00000000c2800000, 0x00000000c2800000| Complete 
|  19|0x00000000c2900000, 0x00000000c2a00000, 0x00000000c2a00000|100%| E|CS|TAMS 0x00000000c2900000, 0x00000000c2900000| Complete 
|  20|0x00000000c2a00000, 0x00000000c2b00000, 0x00000000c2b00000|100%| E|CS|TAMS 0x00000000c2a00000, 0x00000000c2a00000| Complete 
|  21|0x00000000c2b00000, 0x00000000c2c00000, 0x00000000c2c00000|100%| E|CS|TAMS 0x00000000c2b00000, 0x00000000c2b00000| Complete 
|  22|0x00000000c2c00000, 0x00000000c2d00000, 0x00000000c2d00000|100%| E|CS|TAMS 0x00000000c2c00000, 0x00000000c2c00000| Complete 
|  23|0x00000000c2d00000, 0x00000000c2e00000, 0x00000000c2e00000|100%| E|CS|TAMS 0x00000000c2d00000, 0x00000000c2d00000| Complete 
|  24|0x00000000c2e00000, 0x00000000c2f00000, 0x00000000c2f00000|100%| E|CS|TAMS 0x00000000c2e00000, 0x00000000c2e00000| Complete 
|  25|0x00000000c2f00000, 0x00000000c3000000, 0x00000000c3000000|100%| E|CS|TAMS 0x00000000c2f00000, 0x00000000c2f00000| Complete 
|  26|0x00000000c3000000, 0x00000000c3100000, 0x00000000c3100000|100%| E|CS|TAMS 0x00000000c3000000, 0x00000000c3000000| Complete 
|  27|0x00000000c3100000, 0x00000000c3200000, 0x00000000c3200000|100%| E|CS|TAMS 0x00000000c3100000, 0x00000000c3100000| Complete 
|  28|0x00000000c3200000, 0x00000000c3300000, 0x00000000c3300000|100%| E|CS|TAMS 0x00000000c3200000, 0x00000000c3200000| Complete 
|  29|0x00000000c3300000, 0x00000000c3400000, 0x00000000c3400000|100%| E|CS|TAMS 0x00000000c3300000, 0x00000000c3300000| Complete 
|  30|0x00000000c3400000, 0x00000000c3500000, 0x00000000c3500000|100%| E|CS|TAMS 0x00000000c3400000, 0x00000000c3400000| Complete 
|  31|0x00000000c3500000, 0x00000000c3600000, 0x00000000c3600000|100%| E|CS|TAMS 0x00000000c3500000, 0x00000000c3500000| Complete 
|  32|0x00000000c3600000, 0x00000000c3700000, 0x00000000c3700000|100%| E|CS|TAMS 0x00000000c3600000, 0x00000000c3600000| Complete 
|  33|0x00000000c3700000, 0x00000000c3800000, 0x00000000c3800000|100%| E|CS|TAMS 0x00000000c3700000, 0x00000000c3700000| Complete 
|  34|0x00000000c3800000, 0x00000000c3900000, 0x00000000c3900000|100%| E|CS|TAMS 0x00000000c3800000, 0x00000000c3800000| Complete 
|  35|0x00000000c3900000, 0x00000000c3a00000, 0x00000000c3a00000|100%| E|CS|TAMS 0x00000000c3900000, 0x00000000c3900000| Complete 
|  36|0x00000000c3a00000, 0x00000000c3b00000, 0x00000000c3b00000|100%| E|CS|TAMS 0x00000000c3a00000, 0x00000000c3a00000| Complete 
|  37|0x00000000c3b00000, 0x00000000c3c00000, 0x00000000c3c00000|100%| E|CS|TAMS 0x00000000c3b00000, 0x00000000c3b00000| Complete 
|  45|0x00000000c4300000, 0x00000000c4342120, 0x00000000c4400000| 25%| E|CS|TAMS 0x00000000c4300000, 0x00000000c4300000| Complete 
|  46|0x00000000c4400000, 0x00000000c4500000, 0x00000000c4500000|100%| E|CS|TAMS 0x00000000c4400000, 0x00000000c4400000| Complete 
|  47|0x00000000c4500000, 0x00000000c4600000, 0x00000000c4600000|100%| E|CS|TAMS 0x00000000c4500000, 0x00000000c4500000| Complete 
|  48|0x00000000c4600000, 0x00000000c4700000, 0x00000000c4700000|100%| E|CS|TAMS 0x00000000c4600000, 0x00000000c4600000| Complete 
|  49|0x00000000c4700000, 0x00000000c4800000, 0x00000000c4800000|100%| E|CS|TAMS 0x00000000c4700000, 0x00000000c4700000| Complete 
|  63|0x00000000c5500000, 0x00000000c5600000, 0x00000000c5600000|100%| E|CS|TAMS 0x00000000c5500000, 0x00000000c5500000| Complete 

Card table byte_map: [0x000002aaca4e0000,0x000002aaca6e0000] _byte_map_base: 0x000002aac9ed5000

Marking Bits (Prev, Next): (CMBitMap*) 0x000002aab33c0240, (CMBitMap*) 0x000002aab33c0200
 Prev Bits: [0x000002aacb890000, 0x000002aacc838000)
 Next Bits: [0x000002aaca8e0000, 0x000002aacb888000)

Polling page: 0x000002aab1100000

Metaspace:

Usage:
  Non-class:     23.00 MB used.
      Class:      3.18 MB used.
       Both:     26.18 MB used.

Virtual space:
  Non-class space:       64.00 MB reserved,      23.19 MB ( 36%) committed,  1 nodes.
      Class space:        1.00 GB reserved,       3.38 MB ( <1%) committed,  1 nodes.
             Both:        1.06 GB reserved,      26.56 MB (  2%) committed. 

Chunk freelists:
   Non-Class:  544.00 KB
       Class:  480.00 KB
        Both:  1.00 MB

MaxMetaspaceSize: unlimited
CompressedClassSpaceSize: 1.00 GB
Initial GC threshold: 21.00 MB
Current GC threshold: 35.12 MB
CDS: on
MetaspaceReclaimPolicy: balanced
 - commit_granule_bytes: 65536.
 - commit_granule_words: 8192.
 - virtual_space_node_default_size: 8388608.
 - enlarge_chunks_in_place: 1.
 - new_chunks_are_fully_committed: 0.
 - uncommit_free_chunks: 1.
 - use_allocation_guard: 0.


Internal statistics:

num_allocs_failed_limit: 3.
num_arena_births: 440.
num_arena_deaths: 0.
num_vsnodes_births: 2.
num_vsnodes_deaths: 0.
num_space_committed: 425.
num_space_uncommitted: 0.
num_chunks_returned_to_freelist: 3.
num_chunks_taken_from_freelist: 1161.
num_chunk_merges: 3.
num_chunk_splits: 774.
num_chunks_enlarged: 583.
num_inconsistent_stats: 0.

CodeHeap 'non-profiled nmethods': size=120000Kb used=1017Kb max_used=1017Kb free=118982Kb
 bounds [0x000002aac2db0000, 0x000002aac3020000, 0x000002aaca2e0000]
CodeHeap 'profiled nmethods': size=120000Kb used=5263Kb max_used=5263Kb free=114736Kb
 bounds [0x000002aabb2e0000, 0x000002aabb810000, 0x000002aac2810000]
CodeHeap 'non-nmethods': size=5760Kb used=1409Kb max_used=1428Kb free=4350Kb
 bounds [0x000002aac2810000, 0x000002aac2a80000, 0x000002aac2db0000]
 total_blobs=3372 nmethods=2724 adapters=558
 compilation: enabled
              stopped_count=0, restarted_count=0
 full_count=0

Compilation events (20 events):
Event: 8.398 Thread 0x000002aaced16f10 2716       3       java.util.Collection::stream (11 bytes)
Event: 8.398 Thread 0x000002aaced16f10 nmethod 2716 0x000002aabb800110 code [0x000002aabb8002c0, 0x000002aabb8004b8]
Event: 8.408 Thread 0x000002aaced16f10 2717       3       java.util.regex.Pattern::lambda$Range$18 (7 bytes)
Event: 8.409 Thread 0x000002aaced16f10 nmethod 2717 0x000002aabb800590 code [0x000002aabb800740, 0x000002aabb800918]
Event: 8.414 Thread 0x000002aaced16f10 2718       3       java.lang.invoke.BoundMethodHandle$Species_L::speciesData (4 bytes)
Event: 8.414 Thread 0x000002aaced16f10 nmethod 2718 0x000002aabb800a10 code [0x000002aabb800ba0, 0x000002aabb800cb8]
Event: 8.420 Thread 0x000002aaced16f10 2719       3       java.nio.CharBuffer::hasArray (20 bytes)
Event: 8.420 Thread 0x000002aaced16f10 nmethod 2719 0x000002aabb800d90 code [0x000002aabb800f20, 0x000002aabb8010d8]
Event: 8.420 Thread 0x000002aaced16f10 2720       3       java.nio.ByteBuffer::hasArray (20 bytes)
Event: 8.420 Thread 0x000002aaced16f10 nmethod 2720 0x000002aabb801190 code [0x000002aabb801320, 0x000002aabb8014d8]
Event: 8.420 Thread 0x000002aaced16f10 2721       3       java.nio.CharBuffer::array (35 bytes)
Event: 8.421 Thread 0x000002aaced16f10 nmethod 2721 0x000002aabb801590 code [0x000002aabb801760, 0x000002aabb801a78]
Event: 8.431 Thread 0x000002aaced16f10 2722       3       org.testng.reporters.FileStringBuffer::append (6 bytes)
Event: 8.431 Thread 0x000002aaced16f10 nmethod 2722 0x000002aabb801b90 code [0x000002aabb801d40, 0x000002aabb801e88]
Event: 8.431 Thread 0x000002aaced16f10 2723   !   3       org.testng.reporters.FileStringBuffer::append (132 bytes)
Event: 8.433 Thread 0x000002aaced0c960 2725       4       java.lang.ClassLoader::getClassLoadingLock (35 bytes)
Event: 8.433 Thread 0x000002aaced16f10 nmethod 2723 0x000002aabb801f10 code [0x000002aabb802200, 0x000002aabb8030e8]
Event: 8.433 Thread 0x000002aaced16f10 2724       3       java.util.regex.Pattern$Node::study (21 bytes)
Event: 8.434 Thread 0x000002aaced16f10 nmethod 2724 0x000002aabb803810 code [0x000002aabb8039c0, 0x000002aabb803c08]
Event: 8.436 Thread 0x000002aaced0c960 nmethod 2725 0x000002aac2eae290 code [0x000002aac2eae420, 0x000002aac2eae568]

GC Heap History (9 events):
Event: 1.503 GC heap before
{Heap before GC invocations=0 (full 0):
 garbage-first heap   total 65536K, used 12288K [0x00000000c1600000, 0x0000000100000000)
  region size 1024K, 13 young (13312K), 0 survivors (0K)
 Metaspace       used 4780K, committed 4992K, reserved 1114112K
  class space    used 486K, committed 576K, reserved 1048576K
}
Event: 1.514 GC heap after
{Heap after GC invocations=1 (full 0):
 garbage-first heap   total 65536K, used 5079K [0x00000000c1600000, 0x0000000100000000)
  region size 1024K, 2 young (2048K), 2 survivors (2048K)
 Metaspace       used 4780K, committed 4992K, reserved 1114112K
  class space    used 486K, committed 576K, reserved 1048576K
}
Event: 2.233 GC heap before
{Heap before GC invocations=1 (full 0):
 garbage-first heap   total 65536K, used 17367K [0x00000000c1600000, 0x0000000100000000)
  region size 1024K, 14 young (14336K), 2 survivors (2048K)
 Metaspace       used 8225K, committed 8512K, reserved 1114112K
  class space    used 926K, committed 1088K, reserved 1048576K
}
Event: 2.241 GC heap after
{Heap after GC invocations=2 (full 0):
 garbage-first heap   total 65536K, used 6312K [0x00000000c1600000, 0x0000000100000000)
  region size 1024K, 2 young (2048K), 2 survivors (2048K)
 Metaspace       used 8225K, committed 8512K, reserved 1114112K
  class space    used 926K, committed 1088K, reserved 1048576K
}
Event: 3.509 GC heap before
{Heap before GC invocations=2 (full 0):
 garbage-first heap   total 65536K, used 28840K [0x00000000c1600000, 0x0000000100000000)
  region size 1024K, 25 young (25600K), 2 survivors (2048K)
 Metaspace       used 15317K, committed 15680K, reserved 1114112K
  class space    used 1817K, committed 1984K, reserved 1048576K
}
Event: 3.517 GC heap after
{Heap after GC invocations=3 (full 0):
 garbage-first heap   total 65536K, used 8527K [0x00000000c1600000, 0x0000000100000000)
  region size 1024K, 4 young (4096K), 4 survivors (4096K)
 Metaspace       used 15317K, committed 15680K, reserved 1114112K
  class space    used 1817K, committed 1984K, reserved 1048576K
}
Event: 4.224 GC heap before
{Heap before GC invocations=3 (full 0):
 garbage-first heap   total 65536K, used 21839K [0x00000000c1600000, 0x0000000100000000)
  region size 1024K, 18 young (18432K), 4 survivors (4096K)
 Metaspace       used 21182K, committed 21504K, reserved 1114112K
  class space    used 2468K, committed 2624K, reserved 1048576K
}
Event: 4.238 GC heap after
{Heap after GC invocations=4 (full 0):
 garbage-first heap   total 65536K, used 10533K [0x00000000c1600000, 0x0000000100000000)
  region size 1024K, 5 young (5120K), 5 survivors (5120K)
 Metaspace       used 21182K, committed 21504K, reserved 1114112K
  class space    used 2468K, committed 2624K, reserved 1048576K
}
Event: 8.437 GC heap before
{Heap before GC invocations=5 (full 0):
 garbage-first heap   total 45056K, used 37157K [0x00000000c1600000, 0x0000000100000000)
  region size 1024K, 26 young (26624K), 5 survivors (5120K)
 Metaspace       used 26805K, committed 27200K, reserved 1114112K
  class space    used 3257K, committed 3456K, reserved 1048576K
}

Dll operation events (11 events):
Event: 0.023 Loaded shared library C:\Program Files\Java\jdk-19\bin\java.dll
Event: 0.046 Loaded shared library C:\Program Files\Java\jdk-19\bin\jsvml.dll
Event: 0.315 Loaded shared library C:\Program Files\Java\jdk-19\bin\net.dll
Event: 0.319 Loaded shared library C:\Program Files\Java\jdk-19\bin\nio.dll
Event: 0.332 Loaded shared library C:\Program Files\Java\jdk-19\bin\zip.dll
Event: 0.691 Loaded shared library C:\Program Files\Java\jdk-19\bin\jimage.dll
Event: 0.829 Loaded shared library C:\Program Files\Java\jdk-19\bin\verify.dll
Event: 1.011 Loaded shared library C:\Program Files\Java\jdk-19\bin\extnet.dll
Event: 2.833 Loaded shared library C:\Program Files\Java\jdk-19\bin\management.dll
Event: 2.839 Loaded shared library C:\Program Files\Java\jdk-19\bin\management_ext.dll
Event: 3.918 Loaded shared library C:\Program Files\Java\jdk-19\bin\sunmscapi.dll

Deoptimization events (20 events):
Event: 4.286 Thread 0x000002aab337eb10 Uncommon trap: trap_request=0xffffff45 fr.pc=0x000002aac2e2b16c relative=0x000000000000062c
Event: 4.286 Thread 0x000002aab337eb10 Uncommon trap: reason=unstable_if action=reinterpret pc=0x000002aac2e2b16c method=java.lang.String.replace(CC)Ljava/lang/String; @ 2 c2
Event: 4.286 Thread 0x000002aab337eb10 DEOPT PACKING pc=0x000002aac2e2b16c sp=0x000000baad7fdb20
Event: 4.286 Thread 0x000002aab337eb10 DEOPT UNPACKING pc=0x000002aac2876da3 sp=0x000000baad7fdad0 mode 2
Event: 8.071 Thread 0x000002aab337eb10 Uncommon trap: trap_request=0xffffff45 fr.pc=0x000002aac2e9a9c4 relative=0x0000000000000ca4
Event: 8.071 Thread 0x000002aab337eb10 Uncommon trap: reason=unstable_if action=reinterpret pc=0x000002aac2e9a9c4 method=java.util.concurrent.ConcurrentHashMap.putVal(Ljava/lang/Object;Ljava/lang/Object;Z)Ljava/lang/Object; @ 256 c2
Event: 8.071 Thread 0x000002aab337eb10 DEOPT PACKING pc=0x000002aac2e9a9c4 sp=0x000000baad7fdb00
Event: 8.071 Thread 0x000002aab337eb10 DEOPT UNPACKING pc=0x000002aac2876da3 sp=0x000000baad7fda68 mode 2
Event: 8.159 Thread 0x000002aab337eb10 Uncommon trap: trap_request=0xffffff45 fr.pc=0x000002aac2e31b94 relative=0x0000000000000254
Event: 8.159 Thread 0x000002aab337eb10 Uncommon trap: reason=unstable_if action=reinterpret pc=0x000002aac2e31b94 method=java.util.HashMap.hash(Ljava/lang/Object;)I @ 1 c2
Event: 8.159 Thread 0x000002aab337eb10 DEOPT PACKING pc=0x000002aac2e31b94 sp=0x000000baad7fdcd0
Event: 8.159 Thread 0x000002aab337eb10 DEOPT UNPACKING pc=0x000002aac2876da3 sp=0x000000baad7fdbc8 mode 2
Event: 8.231 Thread 0x000002aab337eb10 Uncommon trap: trap_request=0xffffff45 fr.pc=0x000002aac2dbcae0 relative=0x00000000000003a0
Event: 8.231 Thread 0x000002aab337eb10 Uncommon trap: reason=unstable_if action=reinterpret pc=0x000002aac2dbcae0 method=java.lang.StringLatin1.canEncode(I)Z @ 4 c2
Event: 8.231 Thread 0x000002aab337eb10 DEOPT PACKING pc=0x000002aac2dbcae0 sp=0x000000baad7fe5b0
Event: 8.231 Thread 0x000002aab337eb10 DEOPT UNPACKING pc=0x000002aac2876da3 sp=0x000000baad7fe4d8 mode 2
Event: 8.231 Thread 0x000002aab337eb10 Uncommon trap: trap_request=0xffffff45 fr.pc=0x000002aac2dbc1cc relative=0x000000000000038c
Event: 8.231 Thread 0x000002aab337eb10 Uncommon trap: reason=unstable_if action=reinterpret pc=0x000002aac2dbc1cc method=java.lang.AbstractStringBuilder.isLatin1()Z @ 10 c2
Event: 8.231 Thread 0x000002aab337eb10 DEOPT PACKING pc=0x000002aac2dbc1cc sp=0x000000baad7fe5c0
Event: 8.231 Thread 0x000002aab337eb10 DEOPT UNPACKING pc=0x000002aac2876da3 sp=0x000000baad7fe540 mode 2

Classes loaded (20 events):
Event: 8.267 Loading class java/io/Externalizable done
Event: 8.268 Loading class java/time/zone/Ser done
Event: 8.272 Loading class sun/util/cldr/CLDRBaseLocaleDataMetaInfo$TZCanonicalIDMapHolder
Event: 8.273 Loading class sun/util/cldr/CLDRBaseLocaleDataMetaInfo$TZCanonicalIDMapHolder done
Event: 8.277 Loading class sun/util/resources/TimeZoneNames
Event: 8.279 Loading class sun/util/resources/TimeZoneNames done
Event: 8.279 Loading class sun/util/resources/TimeZoneNames_en
Event: 8.279 Loading class sun/util/resources/TimeZoneNames_en done
Event: 8.283 Loading class java/text/StringCharacterIterator
Event: 8.283 Loading class java/text/CharacterIterator
Event: 8.284 Loading class java/text/CharacterIterator done
Event: 8.284 Loading class java/text/StringCharacterIterator done
Event: 8.285 Loading class java/util/concurrent/ConcurrentLinkedDeque$Itr
Event: 8.285 Loading class java/util/concurrent/ConcurrentLinkedDeque$AbstractItr
Event: 8.285 Loading class java/util/concurrent/ConcurrentLinkedDeque$AbstractItr done
Event: 8.285 Loading class java/util/concurrent/ConcurrentLinkedDeque$Itr done
Event: 8.322 Loading class sun/util/resources/cldr/TimeZoneNames_en_US
Event: 8.322 Loading class sun/util/resources/cldr/TimeZoneNames_en_US done
Event: 8.394 Loading class java/util/Vector$Itr
Event: 8.395 Loading class java/util/Vector$Itr done

Classes unloaded (0 events):
No events

Classes redefined (0 events):
No events

Internal exceptions (20 events):
Event: 4.323 Thread 0x000002aad43f7030 Exception <a 'java/lang/NoSuchMethodError'{0x00000000c3b9a1a0}: 'java.lang.Object java.lang.invoke.DirectMethodHandle$Holder.invokeStatic(java.lang.Object, long, java.lang.Object)'> (0x00000000c3b9a1a0) 
thrown [s\open\src\hotspot\share\interpreter\linkResolver.cpp, line 774]
Event: 4.331 Thread 0x000002aad43f7030 Exception <a 'java/lang/NoSuchMethodError'{0x00000000c3b9d7f0}: 'java.lang.Object java.lang.invoke.DirectMethodHandle$Holder.invokeStaticInit(java.lang.Object, long, java.lang.Object)'> (0x00000000c3b9d7f0) 
thrown [s\open\src\hotspot\share\interpreter\linkResolver.cpp, line 774]
Event: 4.446 Thread 0x000002aad4759b30 Exception <a 'java/net/ConnectException'{0x00000000c3a293e0}: Connection refused: no further information> (0x00000000c3a293e0) 
thrown [s\open\src\hotspot\share\prims\jni.cpp, line 536]
Event: 4.466 Thread 0x000002aad4759b30 Exception <a 'java/net/ConnectException'{0x00000000c3a2a450}: Connection refused: no further information> (0x00000000c3a2a450) 
thrown [s\open\src\hotspot\share\prims\jni.cpp, line 536]
Event: 4.498 Thread 0x000002aad4759b30 Exception <a 'java/net/ConnectException'{0x00000000c3a2b3f0}: Connection refused: no further information> (0x00000000c3a2b3f0) 
thrown [s\open\src\hotspot\share\prims\jni.cpp, line 536]
Event: 4.544 Thread 0x000002aad4759b30 Exception <a 'java/net/ConnectException'{0x00000000c3a2c390}: Connection refused: no further information> (0x00000000c3a2c390) 
thrown [s\open\src\hotspot\share\prims\jni.cpp, line 536]
Event: 4.690 Thread 0x000002aab337eb10 Exception <a 'java/lang/NoSuchMethodError'{0x00000000c3b772a8}: 'double java.lang.invoke.DirectMethodHandle$Holder.invokeVirtual(java.lang.Object, java.lang.Object)'> (0x00000000c3b772a8) 
thrown [s\open\src\hotspot\share\interpreter\linkResolver.cpp, line 774]
Event: 4.692 Thread 0x000002aab337eb10 Exception <a 'java/lang/NoSuchMethodError'{0x00000000c3b7db38}: 'float java.lang.invoke.DirectMethodHandle$Holder.invokeVirtual(java.lang.Object, java.lang.Object)'> (0x00000000c3b7db38) 
thrown [s\open\src\hotspot\share\interpreter\linkResolver.cpp, line 774]
Event: 4.694 Thread 0x000002aab337eb10 Exception <a 'java/lang/NoSuchMethodError'{0x00000000c3a48788}: 'long java.lang.invoke.DirectMethodHandle$Holder.invokeVirtual(java.lang.Object, java.lang.Object)'> (0x00000000c3a48788) 
thrown [s\open\src\hotspot\share\interpreter\linkResolver.cpp, line 774]
Event: 4.707 Thread 0x000002aab337eb10 Exception <a 'java/lang/NoSuchMethodError'{0x00000000c3a75a70}: 'java.lang.Object java.lang.invoke.DirectMethodHandle$Holder.invokeVirtual(java.lang.Object, java.lang.Object, java.lang.Object)'> (0x00000000c3a75a70) 
thrown [s\open\src\hotspot\share\interpreter\linkResolver.cpp, line 774]
Event: 4.760 Thread 0x000002aab337eb10 Exception <a 'java/lang/NoSuchMethodError'{0x00000000c397eef8}: 'void java.lang.invoke.DirectMethodHandle$Holder.invokeSpecial(java.lang.Object, java.lang.Object, java.lang.Object, java.lang.Object, java.lang.Object)'> (0x00000000c397eef8) 
thrown [s\open\src\hotspot\share\interpreter\linkResolver.cpp, line 774]
Event: 4.762 Thread 0x000002aab337eb10 Exception <a 'java/lang/NoSuchMethodError'{0x00000000c3986078}: 'void java.lang.invoke.DirectMethodHandle$Holder.invokeStatic(java.lang.Object, java.lang.Object, int)'> (0x00000000c3986078) 
thrown [s\open\src\hotspot\share\interpreter\linkResolver.cpp, line 774]
Event: 4.850 Thread 0x000002aab337eb10 Exception <a 'java/lang/NoSuchMethodError'{0x00000000c378f890}: 'int java.lang.invoke.DirectMethodHandle$Holder.invokeSpecialIFC(java.lang.Object, java.lang.Object, java.lang.Object)'> (0x00000000c378f890) 
thrown [s\open\src\hotspot\share\interpreter\linkResolver.cpp, line 774]
Event: 4.971 Thread 0x000002aab337eb10 Exception <a 'java/lang/NoSuchMethodError'{0x00000000c34806d8}: 'void java.lang.invoke.DirectMethodHandle$Holder.invokeSpecial(java.lang.Object, java.lang.Object, java.lang.Object, java.lang.Object, java.lang.Object, java.lang.Object)'> (0x00000000c34806d8) 
thrown [s\open\src\hotspot\share\interpreter\linkResolver.cpp, line 774]
Event: 4.997 Thread 0x000002aab337eb10 Exception <a 'java/lang/NoSuchMethodError'{0x00000000c330a698}: 'long java.lang.invoke.DirectMethodHandle$Holder.invokeInterface(java.lang.Object, java.lang.Object)'> (0x00000000c330a698) 
thrown [s\open\src\hotspot\share\interpreter\linkResolver.cpp, line 774]
Event: 4.998 Thread 0x000002aab337eb10 Exception <a 'java/lang/NoSuchMethodError'{0x00000000c330eca0}: 'long java.lang.invoke.DelegatingMethodHandle$Holder.reinvoke_L(java.lang.Object, java.lang.Object)'> (0x00000000c330eca0) 
thrown [s\open\src\hotspot\share\interpreter\linkResolver.cpp, line 774]
Event: 8.036 Thread 0x000002aab337eb10 Exception <a 'java/lang/NoSuchMethodError'{0x00000000c2ef8eb0}: 'java.lang.Object java.lang.invoke.DirectMethodHandle$Holder.invokeSpecialIFC(java.lang.Object, java.lang.Object, java.lang.Object)'> (0x00000000c2ef8eb0) 
thrown [s\open\src\hotspot\share\interpreter\linkResolver.cpp, line 774]
Event: 8.129 Thread 0x000002aab337eb10 Exception <a 'java/lang/NoSuchMethodError'{0x00000000c2b22368}: 'void java.lang.invoke.DelegatingMethodHandle$Holder.reinvoke_L(java.lang.Object, java.lang.Object, long)'> (0x00000000c2b22368) 
thrown [s\open\src\hotspot\share\interpreter\linkResolver.cpp, line 774]
Event: 8.130 Thread 0x000002aab337eb10 Exception <a 'java/lang/NoSuchMethodError'{0x00000000c2b290f0}: 'long java.lang.invoke.Invokers$Holder.invokeExact_MT(java.lang.Object, java.lang.Object, java.lang.Object)'> (0x00000000c2b290f0) 
thrown [s\open\src\hotspot\share\interpreter\linkResolver.cpp, line 774]
Event: 8.159 Thread 0x000002aab337eb10 Implicit null exception at 0x000002aac2e3198c to 0x000002aac2e31b74

VM Operations (20 events):
Event: 3.434 Executing VM operation: HandshakeAllThreads done
Event: 3.509 Executing VM operation: G1CollectForAllocation
Event: 3.517 Executing VM operation: G1CollectForAllocation done
Event: 3.612 Executing VM operation: HandshakeAllThreads
Event: 3.612 Executing VM operation: HandshakeAllThreads done
Event: 4.223 Executing VM operation: CollectForMetadataAllocation
Event: 4.238 Executing VM operation: CollectForMetadataAllocation done
Event: 4.254 Executing VM operation: G1PauseRemark
Event: 4.256 Executing VM operation: G1PauseRemark done
Event: 4.263 Executing VM operation: G1PauseCleanup
Event: 4.264 Executing VM operation: G1PauseCleanup done
Event: 4.646 Executing VM operation: HandshakeAllThreads
Event: 4.646 Executing VM operation: HandshakeAllThreads done
Event: 4.652 Executing VM operation: HandshakeAllThreads
Event: 4.652 Executing VM operation: HandshakeAllThreads done
Event: 5.665 Executing VM operation: Cleanup
Event: 5.665 Executing VM operation: Cleanup done
Event: 7.688 Executing VM operation: Cleanup
Event: 7.688 Executing VM operation: Cleanup done
Event: 8.437 Executing VM operation: G1CollectForAllocation

Events (20 events):
Event: 0.304 Thread 0x000002aad30cea40 Thread added: 0x000002aad30cea40
Event: 0.411 Thread 0x000002aad32e6450 Thread added: 0x000002aad32e6450
Event: 1.026 Thread 0x000002aad3bfea60 Thread added: 0x000002aad3bfea60
Event: 1.154 Thread 0x000002aad32e6450 Thread exited: 0x000002aad32e6450
Event: 1.476 Thread 0x000002aad39d0360 Thread added: 0x000002aad39d0360
Event: 2.077 Thread 0x000002aad39d0360 Thread exited: 0x000002aad39d0360
Event: 2.304 Thread 0x000002aad40006c0 Thread added: 0x000002aad40006c0
Event: 2.593 Thread 0x000002aad3f909b0 Thread added: 0x000002aad3f909b0
Event: 3.537 Thread 0x000002aad43ca530 Thread added: 0x000002aad43ca530
Event: 3.989 Thread 0x000002aad3f909b0 Thread exited: 0x000002aad3f909b0
Event: 4.288 Thread 0x000002aad43f7030 Thread added: 0x000002aad43f7030
Event: 4.361 Thread 0x000002aad44a2890 Thread added: 0x000002aad44a2890
Event: 4.361 Thread 0x000002aad432c3b0 Thread added: 0x000002aad432c3b0
Event: 4.423 Thread 0x000002aad432c8f0 Thread added: 0x000002aad432c8f0
Event: 4.424 Thread 0x000002aad4545220 Thread added: 0x000002aad4545220
Event: 4.430 Thread 0x000002aad4759b30 Thread added: 0x000002aad4759b30
Event: 4.651 Thread 0x000002aad4757b50 Thread added: 0x000002aad4757b50
Event: 5.088 Thread 0x000002aad4757600 Thread added: 0x000002aad4757600
Event: 8.108 Thread 0x000002aad4759090 Thread added: 0x000002aad4759090
Event: 8.366 Thread 0x000002aad3bfea60 Thread exited: 0x000002aad3bfea60


Dynamic libraries:
0x00007ff608540000 - 0x00007ff608550000 	C:\Program Files\Java\jdk-19\bin\javaw.exe
0x00007fff90850000 - 0x00007fff90a48000 	C:\WINDOWS\SYSTEM32\ntdll.dll
0x00007fff8f180000 - 0x00007fff8f23f000 	C:\WINDOWS\System32\KERNEL32.DLL
0x00007fff8e040000 - 0x00007fff8e312000 	C:\WINDOWS\System32\KERNELBASE.dll
0x00007fff8df40000 - 0x00007fff8e040000 	C:\WINDOWS\System32\ucrtbase.dll
0x00007fff866b0000 - 0x00007fff866c8000 	C:\Program Files\Java\jdk-19\bin\jli.dll
0x00007fff90690000 - 0x00007fff9073e000 	C:\WINDOWS\System32\ADVAPI32.dll
0x00007fff8fc30000 - 0x00007fff8fcce000 	C:\WINDOWS\System32\msvcrt.dll
0x00007fff8fa00000 - 0x00007fff8fa9c000 	C:\WINDOWS\System32\sechost.dll
0x00007fff8ecf0000 - 0x00007fff8ee15000 	C:\WINDOWS\System32\RPCRT4.dll
0x00007fff8eb40000 - 0x00007fff8ece1000 	C:\WINDOWS\System32\USER32.dll
0x00007fff8e590000 - 0x00007fff8e5b2000 	C:\WINDOWS\System32\win32u.dll
0x00007fff8fc00000 - 0x00007fff8fc2b000 	C:\WINDOWS\System32\GDI32.dll
0x00007fff8e320000 - 0x00007fff8e42f000 	C:\WINDOWS\System32\gdi32full.dll
0x00007fff8e5c0000 - 0x00007fff8e65d000 	C:\WINDOWS\System32\msvcp_win.dll
0x00007fff85ca0000 - 0x00007fff85cbb000 	C:\Program Files\Java\jdk-19\bin\VCRUNTIME140.dll
0x00007fff7e720000 - 0x00007fff7e9ba000 	C:\WINDOWS\WinSxS\amd64_microsoft.windows.common-controls_6595b64144ccf1df_6.0.19041.1110_none_60b5254171f9507e\COMCTL32.dll
0x00007fff83210000 - 0x00007fff8321a000 	C:\WINDOWS\SYSTEM32\VERSION.dll
0x00007fff8fb30000 - 0x00007fff8fb62000 	C:\WINDOWS\System32\IMM32.DLL
0x00007fff866a0000 - 0x00007fff866ac000 	C:\Program Files\Java\jdk-19\bin\vcruntime140_1.dll
0x00007fff4f730000 - 0x00007fff4f7be000 	C:\Program Files\Java\jdk-19\bin\msvcp140.dll
0x00007fff4e4e0000 - 0x00007fff4f1a0000 	C:\Program Files\Java\jdk-19\bin\server\jvm.dll
0x00007fff70350000 - 0x00007fff70359000 	C:\WINDOWS\SYSTEM32\WSOCK32.dll
0x00007fff8fcd0000 - 0x00007fff8fd3b000 	C:\WINDOWS\System32\WS2_32.dll
0x00007fff7d4b0000 - 0x00007fff7d4d7000 	C:\WINDOWS\SYSTEM32\WINMM.dll
0x00007fff8bd20000 - 0x00007fff8bd32000 	C:\WINDOWS\SYSTEM32\kernel.appcore.dll
0x00007fff70340000 - 0x00007fff7034a000 	C:\Program Files\Java\jdk-19\bin\jimage.dll
0x00007fff772c0000 - 0x00007fff774a4000 	C:\WINDOWS\SYSTEM32\DBGHELP.DLL
0x00007fff77260000 - 0x00007fff77295000 	C:\WINDOWS\SYSTEM32\dbgcore.DLL
0x00007fff8e660000 - 0x00007fff8e6e2000 	C:\WINDOWS\System32\bcryptPrimitives.dll
0x00007fff70310000 - 0x00007fff70336000 	C:\Program Files\Java\jdk-19\bin\java.dll
0x00007fff4e400000 - 0x00007fff4e4d7000 	C:\Program Files\Java\jdk-19\bin\jsvml.dll
0x00007fff8f240000 - 0x00007fff8f985000 	C:\WINDOWS\System32\SHELL32.dll
0x00007fff8c000000 - 0x00007fff8c792000 	C:\WINDOWS\SYSTEM32\windows.storage.dll
0x00007fff8ee20000 - 0x00007fff8f175000 	C:\WINDOWS\System32\combase.dll
0x00007fff8d9a0000 - 0x00007fff8d9d0000 	C:\WINDOWS\SYSTEM32\Wldp.dll
0x00007fff905e0000 - 0x00007fff9068d000 	C:\WINDOWS\System32\SHCORE.dll
0x00007fff903d0000 - 0x00007fff90425000 	C:\WINDOWS\System32\shlwapi.dll
0x00007fff8de80000 - 0x00007fff8de9f000 	C:\WINDOWS\SYSTEM32\profapi.dll
0x00007fff702f0000 - 0x00007fff70303000 	C:\Program Files\Java\jdk-19\bin\net.dll
0x00007fff818a0000 - 0x00007fff819ac000 	C:\WINDOWS\SYSTEM32\WINHTTP.dll
0x00007fff8d700000 - 0x00007fff8d76a000 	C:\WINDOWS\system32\mswsock.dll
0x00007fff70120000 - 0x00007fff70136000 	C:\Program Files\Java\jdk-19\bin\nio.dll
0x00007fff6ffd0000 - 0x00007fff6ffe8000 	C:\Program Files\Java\jdk-19\bin\zip.dll
0x00007fff6ffc0000 - 0x00007fff6ffd0000 	C:\Program Files\Java\jdk-19\bin\verify.dll
0x00007fff8d3f0000 - 0x00007fff8d4bb000 	C:\WINDOWS\SYSTEM32\DNSAPI.dll
0x00007fff8d3a0000 - 0x00007fff8d3db000 	C:\WINDOWS\SYSTEM32\IPHLPAPI.DLL
0x00007fff903c0000 - 0x00007fff903c8000 	C:\WINDOWS\System32\NSI.dll
0x00007fff7cea0000 - 0x00007fff7ceaa000 	C:\Windows\System32\rasadhlp.dll
0x00007fff7cff0000 - 0x00007fff7d070000 	C:\WINDOWS\System32\fwpuclnt.dll
0x00007fff8e6f0000 - 0x00007fff8e717000 	C:\WINDOWS\System32\bcrypt.dll
0x00007fff87600000 - 0x00007fff87608000 	C:\Program Files\Java\jdk-19\bin\extnet.dll
0x00007fff8d900000 - 0x00007fff8d918000 	C:\WINDOWS\SYSTEM32\CRYPTSP.dll
0x00007fff8cfb0000 - 0x00007fff8cfe4000 	C:\WINDOWS\system32\rsaenh.dll
0x00007fff8de00000 - 0x00007fff8de2e000 	C:\WINDOWS\SYSTEM32\USERENV.dll
0x00007fff8d8f0000 - 0x00007fff8d8fc000 	C:\WINDOWS\SYSTEM32\CRYPTBASE.dll
0x00007fff823a0000 - 0x00007fff823b7000 	C:\WINDOWS\SYSTEM32\dhcpcsvc6.DLL
0x00007fff822b0000 - 0x00007fff822cd000 	C:\WINDOWS\SYSTEM32\dhcpcsvc.DLL
0x00007fff86450000 - 0x00007fff8645a000 	C:\Program Files\Java\jdk-19\bin\management.dll
0x00007fff86440000 - 0x00007fff8644b000 	C:\Program Files\Java\jdk-19\bin\management_ext.dll
0x00007fff8f990000 - 0x00007fff8f998000 	C:\WINDOWS\System32\PSAPI.DLL
0x00007fff70810000 - 0x00007fff70827000 	C:\WINDOWS\system32\napinsp.dll
0x00007fff707f0000 - 0x00007fff7080b000 	C:\WINDOWS\system32\pnrpnsp.dll
0x00007fff87830000 - 0x00007fff87845000 	C:\WINDOWS\system32\wshbth.dll
0x00007fff89900000 - 0x00007fff8991d000 	C:\WINDOWS\system32\NLAapi.dll
0x00007fff707b0000 - 0x00007fff707c2000 	C:\WINDOWS\System32\winrnr.dll
0x00007fff6ffb0000 - 0x00007fff6ffbe000 	C:\Program Files\Java\jdk-19\bin\sunmscapi.dll
0x00007fff8e430000 - 0x00007fff8e586000 	C:\WINDOWS\System32\CRYPT32.dll
0x00007fff8da10000 - 0x00007fff8da37000 	C:\WINDOWS\SYSTEM32\ncrypt.dll
0x00007fff8d9d0000 - 0x00007fff8da0b000 	C:\WINDOWS\SYSTEM32\NTASN1.dll
0x00007fff86430000 - 0x00007fff86437000 	C:\WINDOWS\system32\wshunix.dll

dbghelp: loaded successfully - version: 4.0.5 - missing functions: none
symbol engine: initialized successfully - sym options: 0x614 - pdb path: .;C:\Program Files\Java\jdk-19\bin;C:\WINDOWS\SYSTEM32;C:\WINDOWS\WinSxS\amd64_microsoft.windows.common-controls_6595b64144ccf1df_6.0.19041.1110_none_60b5254171f9507e;C:\Program Files\Java\jdk-19\bin\server

VM Arguments:
jvm_args: -ea -Dfile.encoding=UTF-8 -XX:+ShowCodeDetailsInExceptionMessages 
java_command: org.testng.remote.RemoteTestNG -serport 60485 -protocol json -d C:\Users\hai\eclipse-workspace\ParasoftHybridframework\test-output C:\Users\hai\AppData\Local\Temp\testng-eclipse--1092412446\testng-customsuite.xml
java_class_path (initial): C:\Users\hai\eclipse\java-2022-12\eclipse\configuration\org.eclipse.osgi\436\0\.cp\lib\testng-remote.jar;C:\Users\hai\eclipse-workspace\ParasoftHybridframework\target\test-classes;C:\Users\hai\eclipse-workspace\ParasoftHybridframework\target\classes;C:\Users\hai\.m2\repository\org\seleniumhq\selenium\selenium-java\4.8.1\selenium-java-4.8.1.jar;C:\Users\hai\.m2\repository\org\seleniumhq\selenium\selenium-api\4.8.1\selenium-api-4.8.1.jar;C:\Users\hai\.m2\repository\org\seleniumhq\selenium\selenium-chrome-driver\4.8.1\selenium-chrome-driver-4.8.1.jar;C:\Users\hai\.m2\repository\com\google\auto\service\auto-service-annotations\1.0.1\auto-service-annotations-1.0.1.jar;C:\Users\hai\.m2\repository\com\google\auto\service\auto-service\1.0.1\auto-service-1.0.1.jar;C:\Users\hai\.m2\repository\com\google\auto\auto-common\1.2\auto-common-1.2.jar;C:\Users\hai\.m2\repository\com\google\guava\guava\31.1-jre\guava-31.1-jre.jar;C:\Users\hai\.m2\repository\com\google\guava\failureaccess\1.0.1\failureaccess-1.0.1.jar;C:\Users\hai\.m2\repository\com\google\guava\listenablefuture\9999.0-empty-to-avoid-conflict-with-guava\listenablefuture-9999.0-empty-to-avoid-conflict-with-guava.jar;C:\Users\hai\.m2\repository\com\google\code\findbugs\jsr305\3.0.2\jsr305-3.0.2.jar;C:\Users\hai\.m2\repository\org\checkerframework\checker-qual\3.12.0\checker-qual-3.12.0.jar;C:\Users\hai\.m2\repository\com\google\errorprone\error_prone_annotations\2.11.0\error_prone_annotations-2.11.0.jar;C:\Users\hai\.m2\repository\com\google\j2objc\j2objc-annotations\1.3\j2objc-annotations-1.3.jar;C:\Users\hai\.m2\repository\org\seleniumhq\selenium\selenium-chromium-driver\4.8.1\selenium-chromium-driver-4.8.1.jar;C:\Users\hai\.m2\repository\org\seleniumhq\selenium\selenium-json\4.8.1\selenium-json-4.8.1.jar;C:\Users\hai\.m2\repository\org\seleniumhq\selenium\selenium-devtools-v108\4.8.1\selenium-devtools-v108-4.8.1.jar;C:\Users\hai\.m2\repository\org\seleniumhq\selenium\selenium-devtools-v109\4.8.1\selenium-devtools-v109-4.8.1.jar;C:\Users\hai\.m2\repository\org\seleniumhq\selenium\selenium-devtools-v110\4.8.1\selenium-devtools-v110-4.8.1.jar;C:\Users\hai\.m2\repository\org\seleniumhq\selenium\selenium-devtools-v85\4.8.1\selenium-devtools-v85-4.8.1.jar;C:\Users\hai\.m2\repository\org\seleniumhq\selenium\selenium-edge-driver\4.8.1\selenium-edge-driver-4.8.1.jar;C:\Users\hai\.m2\repository\org\seleniumhq\selenium\selenium-firefox-driver\4.8.1\selenium-firefox-driver-4.8.1.jar;C:\Users\hai\.m2\repository\org\seleniumhq\selenium\selenium-http\4.8.1\selenium-http-4.8.1.jar;C:\Users\hai\.m2\repository\dev\failsafe\failsafe\3.3.0\failsafe-3.3.0.jar;C:\Users\hai\.m2\repository\org\seleniumhq\selenium\selenium-ie-driver\4.8.1\selenium-ie-driver-4.8.1.jar;C:\Users\hai\.m2\repository\org\seleniumhq\selenium\selenium-remote-driver\4.8.1\selenium-remote-driver-4.8.1.jar;C:\Users\hai\.m2\repository\io\netty\netty-buffer\4.1.87.Final\netty-buffer-4.1.87.Final.jar;C:\Users\hai\.m2\repository\io\netty\netty-codec-http\4.1.87.Final\netty-codec-http-4.1.87.Final.jar;C:\Users\hai\.m2\repository\io\netty\netty-codec\4.1.87.Final\netty-codec-4.1.87.Final.jar;C:\Users\hai\.m2\repository\io\netty\netty-handler\4.1.87.Final\netty-handler-4.1.87.Final.jar;C:\Users\hai\.m2\repository\io\netty\netty-common\4.1.87.Final\netty-common-4.1.87.Final.jar;C:\Users\hai\.m2\repository\io\netty\netty-transport-classes-epoll\4.1.87.Final\netty-transport-classes-epoll-4.1.87.Final.jar;C:\Users\hai\.m2\repository\io\netty\netty-transport-classes-kqueue\4.1.87.Final\netty-transport-classes-kqueue-4.1.87.Final.jar;C:\Users\hai\.m2\repository\io\netty\netty-transport-native-epoll\4.1.87.Final\netty-transport-native-epoll-4.1.87.Final.jar;C:\Users\hai\.m2\repository\io\netty\netty-transport-native-kqueue\4.1.87.Final\netty-transport-native-kqueue-4.1.87.Final.jar;C:\Users\hai\.m2\repository\io\netty\netty-transport-native-unix-common\4.1.87.Final\netty-transport-native-unix-common-4.1.87.Final.jar;C:\Users\hai\.m2\repository\io\netty\netty-transport\4.1.87.Final\netty-transport-4.1.87.Final.jar;C:\Users\hai\.m2\repository\io\netty\netty-resolver\4.1.87.Final\netty-resolver-4.1.87.Final.jar;C:\Users\hai\.m2\repository\io\opentelemetry\opentelemetry-api\1.22.0\opentelemetry-api-1.22.0.jar;C:\Users\hai\.m2\repository\io\opentelemetry\opentelemetry-context\1.22.0\opentelemetry-context-1.22.0.jar;C:\Users\hai\.m2\repository\io\opentelemetry\opentelemetry-exporter-logging\1.22.0\opentelemetry-exporter-logging-1.22.0.jar;C:\Users\hai\.m2\repository\io\opentelemetry\opentelemetry-sdk-metrics\1.22.0\opentelemetry-sdk-metrics-1.22.0.jar;C:\Users\hai\.m2\repository\io\opentelemetry\opentelemetry-sdk-logs\1.22.0-alpha\opentelemetry-sdk-logs-1.22.0-alpha.jar;C:\Users\hai\.m2\repository\io\opentelemetry\opentelemetry-api-logs\1.22.0-alpha\opentelemetry-api-logs-1.22.0-alpha.jar;C:\Users\hai\.m2\repository\io\opentelemetry\opentelemetry-sdk-common\1.22.0\opentelemetry-sdk-common-1.22.0.jar;C:\Users\hai\.m2\repository\io\opentelemetry\opentelemetry-sdk-extension-autoconfigure-spi\1.22.0\opentelemetry-sdk-extension-autoconfigure-spi-1.22.0.jar;C:\Users\hai\.m2\repository\io\opentelemetry\opentelemetry-sdk-extension-autoconfigure\1.22.0-alpha\opentelemetry-sdk-extension-autoconfigure-1.22.0-alpha.jar;C:\Users\hai\.m2\repository\io\opentelemetry\opentelemetry-sdk-trace\1.22.0\opentelemetry-sdk-trace-1.22.0.jar;C:\Users\hai\.m2\repository\io\opentelemetry\opentelemetry-sdk\1.22.0\opentelemetry-sdk-1.22.0.jar;C:\Users\hai\.m2\repository\io\opentelemetry\opentelemetry-semconv\1.22.0-alpha\opentelemetry-semconv-1.22.0-alpha.jar;C:\Users\hai\.m2\repository\io\ous\jtoml\2.0.0\jtoml-2.0.0.jar;C:\Users\hai\.m2\repository\net\bytebuddy\byte-buddy\1.12.22\byte-buddy-1.12.22.jar;C:\Users\hai\.m2\repository\org\apache\commons\commons-exec\1.3\commons-exec-1.3.jar;C:\Users\hai\.m2\repository\org\asynchttpclient\async-http-client\2.12.3\async-http-client-2.12.3.jar;C:\Users\hai\.m2\repository\org\asynchttpclient\async-http-client-netty-utils\2.12.3\async-http-client-netty-utils-2.12.3.jar;C:\Users\hai\.m2\repository\io\netty\netty-codec-socks\4.1.60.Final\netty-codec-socks-4.1.60.Final.jar;C:\Users\hai\.m2\repository\io\netty\netty-handler-proxy\4.1.60.Final\netty-handler-proxy-4.1.60.Final.jar;C:\Users\hai\.m2\repository\io\netty\netty-transport-native-epoll\4.1.60.Final\netty-transport-native-epoll-4.1.60.Final-linux-x86_64.jar;C:\Users\hai\.m2\repository\io\netty\netty-transport-native-kqueue\4.1.60.Final\netty-transport-native-kqueue-4.1.60.Final-osx-x86_64.jar;C:\Users\hai\.m2\repository\org\reactivestreams\reactive-streams\1.0.3\reactive-streams-1.0.3.jar;C:\Users\hai\.m2\repository\com\typesafe\netty\netty-reactive-streams\2.0.4\netty-reactive-streams-2.0.4.jar;C:\Users\hai\.m2\repository\com\sun\activation\jakarta.activation\1.2.2\jakarta.activation-1.2.2.jar;C:\Users\hai\.m2\repository\org\seleniumhq\selenium\selenium-manager\4.8.1\selenium-manager-4.8.1.jar;C:\Users\hai\.m2\repository\org\seleniumhq\selenium\selenium-safari-driver\4.8.1\selenium-safari-driver-4.8.1.jar;C:\Users\hai\.m2\repository\org\seleniumhq\selenium\selenium-support\4.8.1\selenium-support-4.8.1.jar;C:\Users\hai\.m2\repository\org\testng\testng\7.7.1\testng-7.7.1.jar;C:\Users\hai\.m2\repository\org\slf4j\slf4j-api\1.7.36\slf4j-api-1.7.36.jar;C:\Users\hai\.m2\repository\com\beust\jcommander\1.82\jcommander-1.82.jar;C:\Users\hai\.m2\repository\org\webjars\jquery\3.6.1\jquery-3.6.1.jar;C:\Users\hai\.m2\repository\org\apache\logging\log4j\log4j-core\2.20.0\log4j-core-2.20.0.jar;C:\Users\hai\.m2\repository\org\apache\logging\log4j\log4j-api\2.20.0\log4j-api-2.20.0.jar;C:\Users\hai\.m2\repository\org\apache\poi\poi\5.2.3\poi-5.2.3.jar;C:\Users\hai\.m2\repository\commons-codec\commons-codec\1.15\commons-codec-1.15.jar;C:\Users\hai\.m2\repository\org\apache\commons\commons-collections4\4.4\commons-collections4-4.4.jar;C:\Users\hai\.m2\repository\org\apache\commons\commons-math3\3.6.1\commons-math3-3.6.1.jar;C:\Users\hai\.m2\repository\commons-io\commons-io\2.11.0\commons-io-2.11.0.jar;C:\Users\hai\.m2\repository\com\zaxxer\SparseBitSet\1.2\SparseBitSet-1.2.jar;C:\Users\hai\.m2\repository\org\apache\maven\plugins\maven-surefire-plugin\3.0.0-M5\maven-surefire-plugin-3.0.0-M5.jar;C:\Users\hai\.m2\repository\org\apache\maven\surefire\maven-surefire-common\3.0.0-M5\maven-surefire-common-3.0.0-M5.jar;C:\Users\hai\.m2\repository\org\apache\maven\surefire\surefire-api\3.0.0-M5\surefire-api-3.0.0-M5.jar;C:\Users\hai\.m2\repository\org\apache\maven\surefire\surefire-logger-api\3.0.0-M5\surefire-logger-api-3.0.0-M5.jar;C:\Users\hai\.m2\repository\org\apache\maven\surefire\surefire-extensions-api\3.0.0-M5\surefire-extensions-api-3.0.0-M5.jar;C:\Users\hai\.m2\repository\org\apache\maven\surefire\surefire-booter\3.0.0-M5\surefire-booter-3.0.0-M5.jar;C:\Users\hai\.m2\repository\org\apache\maven\surefire\surefire-extensions-spi\3.0.0-M5\surefire-extensions-spi-3.0.0-M5.jar;C:\Users\hai\.m2\repository\org\apache\maven\maven-toolchain\3.0-alpha-2\maven-toolchain-3.0-alpha-2.jar;C:\Users\hai\.m2\repository\org\apache\maven\shared\maven-artifact-transfer\0.11.0\maven-artifact-transfer-0.11.0.jar;C:\Users\hai\.m2\repository\org\apache\maven\shared\maven-common-artifact-filters\3.0.1\maven-common-artifact-filters-3.0.1.jar;C:\Users\hai\.m2\repository\org\apache\maven\surefire\surefire-shared-utils\3.0.0-M4\surefire-shared-utils-3.0.0-M4.jar;C:\Users\hai\.m2\repository\org\apache\maven\plugins\maven-compiler-plugin\3.8.1\maven-compiler-plugin-3.8.1.jar;C:\Users\hai\.m2\repository\org\apache\maven\maven-plugin-api\3.0\maven-plugin-api-3.0.jar;C:\Users\hai\.m2\repository\org\apache\maven\maven-model\3.0\maven-model-3.0.jar;C:\Users\hai\.m2\repository\org\sonatype\sisu\sisu-inject-plexus\1.4.2\sisu-inject-plexus-1.4.2.jar;C:\Users\hai\.m2\repository\org\sonatype\sisu\sisu-inject-bean\1.4.2\sisu-inject-bean-1.4.2.jar;C:\Users\hai\.m2\repository\org\sonatype\sisu\sisu-guice\2.1.7\sisu-guice-2.1.7-noaop.jar;C:\Users\hai\.m2\repository\org\apache\maven\maven-artifact\3.0\maven-artifact-3.0.jar;C:\Users\hai\.m2\repository\org\codehaus\plexus\plexus-utils\2.0.4\plexus-utils-2.0.4.jar;C:\Users\hai\.m2\repository\org\apache\maven\maven-core\3.0\maven-core-3.0.jar;C:\Users\hai\.m2\repository\org\apache\maven\maven-settings\3.0\maven-settings-3.0.jar;C:\Users\hai\.m2\repository\org\apache\maven\maven-settings-builder\3.0\maven-settings-builder-3.0.jar;C:\Users\hai\.m2\repository\org\apache\maven\maven-repository-metadata\3.0\maven-repository-metadata-3.0.jar;C:\Users\hai\.m2\repository\org\apache\maven\maven-model-builder\3.0\maven-model-builder-3.0.jar;C:\Users\hai\.m2\repository\org\apache\maven\maven-aether-provider\3.0\maven-aether-provider-3.0.jar;C:\Users\hai\.m2\repository\org\sonatype\aether\aether-impl\1.7\aether-impl-1.7.jar;C:\Users\hai\.m2\repository\org\sonatype\aether\aether-spi\1.7\aether-spi-1.7.jar;C:\Users\hai\.m2\repository\org\sonatype\aether\aether-api\1.7\aether-api-1.7.jar;C:\Users\hai\.m2\repository\org\sonatype\aether\aether-util\1.7\aether-util-1.7.jar;C:\Users\hai\.m2\repository\org\codehaus\plexus\plexus-interpolation\1.14\plexus-interpolation-1.14.jar;C:\Users\hai\.m2\repository\org\codehaus\plexus\plexus-classworlds\2.2.3\plexus-classworlds-2.2.3.jar;C:\Users\hai\.m2\repository\org\codehaus\plexus\plexus-component-annotations\1.5.5\plexus-component-annotations-1.5.5.jar;C:\Users\hai\.m2\repository\org\sonatype\plexus\plexus-sec-dispatcher\1.3\plexus-sec-dispatcher-1.3.jar;C:\Users\hai\.m2\repository\org\sonatype\plexus\plexus-cipher\1.4\plexus-cipher-1.4.jar;C:\Users\hai\.m2\repository\org\apache\maven\shared\maven-shared-utils\3.2.1\maven-shared-utils-3.2.1.jar;C:\Users\hai\.m2\repository\org\apache\maven\shared\maven-shared-incremental\1.1\maven-shared-incremental-1.1.jar;C:\Users\hai\.m2\repository\org\codehaus\plexus\plexus-java\0.9.10\plexus-java-0.9.10.jar;C:\Users\hai\.m2\repository\org\ow2\asm\asm\6.2\asm-6.2.jar;C:\Users\hai\.m2\repository\com\thoughtworks\qdox\qdox\2.0-M8\qdox-2.0-M8.jar;C:\Users\hai\.m2\repository\org\codehaus\plexus\plexus-compiler-api\2.8.4\plexus-compiler-api-2.8.4.jar;C:\Users\hai\.m2\repository\org\codehaus\plexus\plexus-compiler-manager\2.8.4\plexus-compiler-manager-2.8.4.jar;C:\Users\hai\.m2\repository\org\codehaus\plexus\plexus-compiler-javac\2.8.4\plexus-compiler-javac-2.8.4.jar
Launcher Type: SUN_STANDARD

[Global flags]
     intx CICompilerCount                          = 3                                         {product} {ergonomic}
     uint ConcGCThreads                            = 1                                         {product} {ergonomic}
     uint G1ConcRefinementThreads                  = 4                                         {product} {ergonomic}
   size_t G1HeapRegionSize                         = 1048576                                   {product} {ergonomic}
    uintx GCDrainStackTargetSize                   = 64                                        {product} {ergonomic}
   size_t InitialHeapSize                          = 67108864                                  {product} {ergonomic}
   size_t MarkStackSize                            = 4194304                                   {product} {ergonomic}
   size_t MaxHeapSize                              = 1050673152                                {product} {ergonomic}
   size_t MaxNewSize                               = 630194176                                 {product} {ergonomic}
   size_t MinHeapDeltaBytes                        = 1048576                                   {product} {ergonomic}
   size_t MinHeapSize                              = 8388608                                   {product} {ergonomic}
    uintx NonNMethodCodeHeapSize                   = 5832780                                {pd product} {ergonomic}
    uintx NonProfiledCodeHeapSize                  = 122912730                              {pd product} {ergonomic}
    uintx ProfiledCodeHeapSize                     = 122912730                              {pd product} {ergonomic}
    uintx ReservedCodeCacheSize                    = 251658240                              {pd product} {ergonomic}
     bool SegmentedCodeCache                       = true                                      {product} {ergonomic}
     bool ShowCodeDetailsInExceptionMessages       = true                                   {manageable} {command line}
   size_t SoftMaxHeapSize                          = 1050673152                             {manageable} {ergonomic}
     bool UseCompressedClassPointers               = true                           {product lp64_product} {ergonomic}
     bool UseCompressedOops                        = true                           {product lp64_product} {ergonomic}
     bool UseG1GC                                  = true                                      {product} {ergonomic}
     bool UseLargePagesIndividualAllocation        = false                                  {pd product} {ergonomic}

Logging:
Log output configuration:
 #0: stdout all=warning uptime,level,tags foldmultilines=false
 #1: stderr all=off uptime,level,tags foldmultilines=false

Environment Variables:
PATH=C:\Python311\Scripts\;C:\Python311\;C:\Program Files\Common Files\Oracle\Java\javapath;C:\WINDOWS\system32;C:\WINDOWS;C:\WINDOWS\System32\Wbem;C:\WINDOWS\System32\WindowsPowerShell\v1.0\;C:\WINDOWS\System32\OpenSSH\;C:\Program Files\Java\jdk-19\bin;C:\Program Files\nodejs\;C:\ProgramData\chocolatey\bin;C:\Program Files\Git\cmd;C:\Users\hai\AppData\Local\Microsoft\WindowsApps;C:\Users\hai\AppData\Roaming\npm
USERNAME=venkat
OS=Windows_NT
PROCESSOR_IDENTIFIER=Intel64 Family 6 Model 69 Stepping 1, GenuineIntel
TMP=C:\Users\hai\AppData\Local\Temp
TEMP=C:\Users\hai\AppData\Local\Temp



---------------  S Y S T E M  ---------------

OS:
 Windows 10 , 64 bit Build 19041 (10.0.19041.2546)
OS uptime: 0 days 2:36 hours

CPU: total 4 (initial active 4) (2 cores per cpu, 2 threads per core) family 6 model 69 stepping 1 microcode 0x25, cx8, cmov, fxsr, ht, mmx, sse, sse2, sse3, ssse3, sse4.1, sse4.2, popcnt, lzcnt, tsc, tscinvbit, avx, avx2, aes, erms, clmul, bmi1, bmi2, fma, vzeroupper, clflush, rdtscp

Memory: 4k page, system-wide physical 4000M (379M free)
TotalPageFile size 6048M (AvailPageFile size 2M)
current process WorkingSet (physical memory assigned to process): 137M, peak: 137M
current process commit charge ("private bytes"): 172M, peak: 179M

vm_info: Java HotSpot(TM) 64-Bit Server VM (19.0.2+7-44) for windows-amd64 JRE (19.0.2+7-44), built on 2022-11-30T18:02:09Z by "mach5one" with MS VC++ 17.1 (VS2022)

END.
